{"level":"info","message":{"body":{},"method":"GET","requestId":"5fd2a1cd-3f86-4ad0-97c4-47436a24c7ce","url":"/api-docs/"}}
{"level":"info","message":{"body":{},"method":"GET","requestId":"20face73-9aa3-4245-a2cc-ccd27ca3beac","url":"/api-docs/swagger-ui.css"}}
{"level":"info","message":{"body":{},"method":"GET","requestId":"02d0eafe-1987-4eb9-aced-d4521f3110b0","url":"/api-docs/swagger-ui-bundle.js"}}
{"level":"info","message":{"body":{},"method":"GET","requestId":"59d28e53-5207-451c-9702-3f34836649eb","url":"/api-docs/swagger-ui-standalone-preset.js"}}
{"level":"info","message":{"body":{},"method":"GET","requestId":"7e7d8ae1-0f41-4f97-a645-433ca2416d24","url":"/api-docs/swagger-ui-init.js"}}
{"level":"info","message":{"body":{},"method":"POST","requestId":"3090fc82-84fe-4f58-8bdd-c3069fc0ddee","url":"/products/search"}}
{"level":"info","message":{"body":{},"method":"GET","requestId":"7ae89696-fdd4-46c0-a177-c69eab05bce1","url":"/admin/users"}}
{"level":"info","message":{"body":{},"method":"POST","requestId":"f0e08804-04ea-479f-8512-550aec2dd190","url":"/login"}}
{"level":"info","message":{"body":{},"method":"GET","requestId":"32dce5ce-af91-4b67-b5ad-f9b01c54ca37","url":"/api-docs/"}}
{"level":"info","message":{"body":{},"method":"GET","requestId":"b0a3a8d0-51b8-4773-b6a1-91aace1b6a09","url":"/api-docs/swagger-ui.css"}}
{"level":"info","message":{"body":{},"method":"GET","requestId":"e37ac26a-2347-4766-b9c4-dbe13ad1899f","url":"/api-docs/swagger-ui-bundle.js"}}
{"level":"info","message":{"body":{},"method":"GET","requestId":"2b68dd3e-d065-4704-afae-3fbe8a5e0175","url":"/api-docs/swagger-ui-standalone-preset.js"}}
{"level":"info","message":{"body":{},"method":"GET","requestId":"5b2b0581-59fe-469d-87a6-ce7da2a46318","url":"/api-docs/swagger-ui-init.js"}}
{"level":"info","message":{"body":{},"method":"GET","requestId":"585d14b5-ac27-485a-9806-cc09982edd1f","url":"/api-docs/"}}
{"level":"info","message":{"body":{},"method":"GET","requestId":"1e97e085-45b9-44c4-8ab2-9041425e4040","url":"/api-docs/swagger-ui.css"}}
{"level":"info","message":{"body":{},"method":"GET","requestId":"90ff6168-1cd0-4530-a211-79c9f8998e30","url":"/api-docs/swagger-ui-bundle.js"}}
{"level":"info","message":{"body":{},"method":"GET","requestId":"69b56d54-19a2-4d35-a03a-92ea52909b8c","url":"/api-docs/swagger-ui-standalone-preset.js"}}
{"level":"info","message":{"body":{},"method":"GET","requestId":"297ad8f5-5890-4a3f-a110-4cc7bdc85d8a","url":"/api-docs/swagger-ui-init.js"}}
{"level":"info","message":{"body":{},"method":"GET","requestId":"b93f4dca-06e7-4b28-b598-ed59dee6a77d","url":"/api-docs/favicon-32x32.png"}}
{"level":"info","message":{"body":{},"method":"POST","requestId":"d8a9d970-e44a-4aba-a640-b17f76eadc67","url":"/login"}}
{"level":"info","message":{"body":{"password":"admin12","username":"admin"},"method":"POST","requestId":"e59902e1-e42e-40d7-8244-621c2b0ab563","url":"/login"}}
{"level":"info","message":{"body":{"password":"admin12","username":"admin"},"method":"POST","requestId":"a838a0ca-401c-47a9-8aee-79abbb0f9d93","url":"/login"}}
{"level":"info","message":{"body":{"password":"admin12","username":"admin"},"method":"POST","requestId":"f1606052-2019-4cc6-8841-f80975a600c4","url":"/login"}}
{"level":"info","message":{"body":{"password":"admin123","username":"admin"},"method":"POST","requestId":"71f077dc-f230-4040-9f5a-0d4e7a669813","url":"/login"}}
{"level":"info","message":{"body":{},"method":"POST","requestId":"a9b9caf2-0421-47c7-86b7-45438e5b944b","url":"/login"}}
{"level":"info","message":{"body":{},"method":"GET","requestId":"6544921b-b461-4ad9-9453-4b89e816ded4","url":"/admin/users"}}
{"level":"info","message":{"body":{},"method":"GET","requestId":"b4eddfea-f2a6-47ed-a213-4573b9708366","url":"/admin/users"}}
{"level":"info","message":{"body":{},"method":"POST","requestId":"228b7048-1c06-416a-a9e5-91c333e9a94c","url":"/login"}}
{"level":"info","message":{"body":{},"method":"GET","requestId":"65c4b5f5-562a-471a-a329-ce3cecebd462","url":"/admin/all-users"}}
{"level":"info","message":{"body":{},"method":"POST","requestId":"1ac98914-32e1-4a5d-92aa-dcce26115307","url":"/login"}}
{"level":"info","message":{"body":{},"method":"GET","requestId":"9bbe97c2-a52b-468a-90e7-0e6451c2adf7","url":"/admin/all-users"}}
{"level":"info","message":{"body":{},"method":"POST","requestId":"32e13304-79a8-4264-aace-2bbdd4a430ba","url":"/login"}}
{"level":"info","message":{"body":{},"method":"POST","requestId":"2cc64048-316b-45e4-9064-b19792595411","url":"/login"}}
{"level":"info","message":{"body":{},"method":"POST","requestId":"e3420146-1d83-49d4-a2b1-487e749b5030","url":"/login"}}
{"level":"info","message":{"body":{},"method":"GET","requestId":"d04968c4-0f07-467b-9af0-44090613cafa","url":"/api-docs/"}}
{"level":"info","message":{"body":{},"method":"GET","requestId":"fd84d040-7607-4e49-8eac-cd79475be66b","url":"/api-docs/swagger-ui.css"}}
{"level":"info","message":{"body":{},"method":"GET","requestId":"c6fb9ff2-7778-4e82-973c-ad63264c8e38","url":"/api-docs/swagger-ui-bundle.js"}}
{"level":"info","message":{"body":{},"method":"GET","requestId":"062ab531-4448-4f3f-8177-b63010ef1ef6","url":"/api-docs/swagger-ui-standalone-preset.js"}}
{"level":"info","message":{"body":{},"method":"GET","requestId":"8a579501-7d9c-4ddf-9376-86971fc1507a","url":"/api-docs/swagger-ui-init.js"}}
{"level":"info","message":{"body":{},"method":"POST","requestId":"f3089e64-c336-49ac-945a-eedc5b3711d2","url":"/login"}}
{"level":"info","message":{"body":{},"method":"POST","requestId":"54fe87d0-5f68-426e-9968-414f066cd966","url":"/login"}}
{"level":"info","message":{"body":{},"method":"POST","requestId":"12d9598a-76ed-43bb-9418-c0445601450a","url":"/login"}}
{"level":"info","message":{"body":{},"method":"POST","requestId":"ead4356d-fae3-4c50-b8e5-70a764f6e37b","url":"/login"}}
{"level":"info","message":{"body":{},"method":"POST","requestId":"bee544fd-9b55-451a-944c-cd1dd2b19b35","url":"/login"}}
{"level":"info","message":{"body":{},"method":"POST","requestId":"8bc73f90-7338-495c-999a-74fab3e8a20c","url":"/login"}}
{"level":"info","message":{"body":{},"method":"POST","requestId":"cd0eb888-afd5-4537-9583-3122e474be47","url":"/login"}}
{"level":"info","message":{"body":{},"method":"POST","requestId":"e549313c-5047-4c25-bc7b-5cdb413e8300","url":"/login"}}
{"level":"info","message":{"body":{},"method":"POST","requestId":"fa096efb-f0cf-40b0-850e-7b8dd5a56e08","url":"/login"}}
{"level":"info","message":{"body":{},"method":"POST","requestId":"3c7fad7a-0796-4741-92e8-e37eb20a08a0","url":"/login"}}
{"level":"info","message":{"body":{},"method":"POST","requestId":"dd2343ae-cfba-4634-9dbd-022053c9f916","url":"/login"}}
{"level":"info","message":{"body":{},"method":"POST","requestId":"0cf46116-b304-4256-a074-768d26eaacb5","url":"/login"}}
{"level":"info","message":{"body":{},"method":"POST","requestId":"1f1f3025-fe06-486b-9f40-e39ce03b0058","url":"/login"}}
{"level":"info","message":{"body":{},"method":"POST","requestId":"e76ba2cd-e1a2-49b2-b44e-5868f1955b6c","url":"/login"}}
{"level":"info","message":{"body":{},"method":"POST","requestId":"7cfefec5-0875-45d3-a168-629234c38e59","url":"/login"}}
{"level":"info","message":{"body":{},"method":"POST","requestId":"2857bdb9-7883-43a9-b2de-76886096ee72","url":"/login"}}
{"level":"info","message":{"body":{},"method":"GET","requestId":"f0d0dcd5-2af0-4ad6-a60a-bb6abc42aa29","url":"/admin/users"}}
{"level":"info","message":{"body":{},"method":"POST","requestId":"7890777a-2d3d-4500-9933-7526bacd40e2","url":"/login"}}
{"level":"info","message":{"body":{},"method":"POST","requestId":"6cfc54d3-b57c-4b08-a35e-71d735ba23dc","url":"/login"}}
{"level":"info","message":{"body":{},"method":"POST","requestId":"25255200-794e-468e-b099-eec6d9a56d77","url":"/login"}}
{"level":"info","message":{"body":{},"method":"POST","requestId":"73b9a830-3f38-4130-af49-22e5404fe5eb","url":"/login"}}
{"level":"info","message":{"body":{},"method":"POST","requestId":"bed2e16f-1937-4e96-ae85-5dae7ebaa934","url":"/login"}}
{"level":"info","message":{"body":{},"method":"POST","requestId":"0184d91f-ea8b-4f31-88b8-ba3afd700767","url":"/login"}}
{"level":"info","message":{"body":{},"method":"POST","requestId":"163eaefc-a3eb-4abb-8361-daca7e1942a2","url":"/login"}}
{"level":"info","message":{"body":{},"method":"POST","requestId":"fccabe97-4487-4ed9-a0ba-b41fa102885d","url":"/login"}}
{"level":"info","message":{"body":{},"method":"POST","requestId":"ecbaba85-91aa-40aa-868a-b47fe7970cbc","url":"/login"}}
{"level":"info","message":{"body":{},"method":"POST","requestId":"06bb615e-2fdc-4e1b-bb2c-91738f6e6c73","url":"/login"}}
{"level":"info","message":{"body":{},"method":"POST","requestId":"76a63f7e-aa70-48a1-8d94-14eec59ad539","url":"/login"}}
{"level":"info","message":{"body":{},"method":"GET","requestId":"2e1b54c1-f680-49f2-a251-7a178f0ca250","url":"/api-docs/"}}
{"level":"info","message":{"body":{},"method":"GET","requestId":"464b625f-0f5d-4e5f-99a1-79cef947da22","url":"/api-docs/swagger-ui.css"}}
{"level":"info","message":{"body":{},"method":"GET","requestId":"c8b1116d-9cca-4e8f-a2ca-85268be1bcdb","url":"/api-docs/swagger-ui-bundle.js"}}
{"level":"info","message":{"body":{},"method":"GET","requestId":"682e6bdb-51b3-44a1-b050-260d1d2accea","url":"/api-docs/swagger-ui-standalone-preset.js"}}
{"level":"info","message":{"body":{},"method":"GET","requestId":"15d5e8d7-29e5-4d4d-a720-8d42297edc47","url":"/api-docs/swagger-ui-init.js"}}
{"level":"info","message":{"body":{},"method":"POST","requestId":"0da6363f-5a95-465b-bd50-f6d6dc8f10f2","url":"/login"}}
{"level":"info","message":{"body":{},"method":"POST","requestId":"7771651b-385b-4343-8dee-dec642b0ad4f","url":"/login"}}
{"level":"info","message":{"body":{},"method":"GET","requestId":"49edfa12-2fc9-41f8-94da-9e4e9e022e76","url":"/admin/users"}}
{"level":"info","message":{"body":{"password":"admin123","username":"admin"},"method":"POST","requestId":"07e5054b-42bf-49ab-a6aa-6be31a37d91a","url":"/login"}}
{"level":"info","message":{"body":{"password":"admin123","username":"admin"},"method":"POST","requestId":"86561eb7-d467-437f-9539-125e6801d0ac","url":"/login"}}
{"level":"info","message":{"body":{"password":"admin12","username":"admin"},"method":"POST","requestId":"dbb53165-d126-40fc-8401-8516b4c517b1","url":"/login"}}
{"level":"info","message":{"body":{"password":{"$ne":null},"username":{"$ne":null}},"method":"POST","requestId":"c35503e3-b490-45e0-a418-da12197a8dfb","url":"/login"}}
{"level":"info","message":{"body":{},"method":"GET","requestId":"b3b9ab24-79a8-4688-82d8-facdf2f435cb","url":"/api-docs/"}}
{"level":"info","message":{"body":{},"method":"GET","requestId":"71b80409-94b0-486e-900e-e50ff51bcabf","url":"/api-docs/swagger-ui.css"}}
{"level":"info","message":{"body":{},"method":"GET","requestId":"3453efd9-1ce2-40fd-9cb1-4673b74846f5","url":"/api-docs/swagger-ui-standalone-preset.js"}}
{"level":"info","message":{"body":{},"method":"GET","requestId":"4fefade8-3b28-41ee-a3ad-527217ebdbf9","url":"/api-docs/swagger-ui-bundle.js"}}
{"level":"info","message":{"body":{},"method":"GET","requestId":"7fdea90e-2e10-44d5-959d-b1faa51392c5","url":"/api-docs/swagger-ui-init.js"}}
{"level":"info","message":{"body":{},"method":"POST","requestId":"948a42f6-40e9-464e-96f7-c63ce5b35127","url":"/login"}}
{"level":"info","message":{"body":{"password":"admin123","username":"admin"},"method":"POST","requestId":"b15edf33-6870-4e5a-9575-cfb0af113feb","url":"/login"}}
{"level":"info","message":{"body":{"password":{"$ne":null},"username":{"$ne":null}},"method":"POST","requestId":"3b131785-7d01-43e0-af9e-ddac5ccc5b31","url":"/login"}}
{"level":"info","message":{"body":{"password":{"$ne":null},"username":{"$ne":null}},"method":"POST","requestId":"aaea3034-356e-4a9f-ba51-cc4d985552e4","url":"/login"}}
{"level":"info","message":{"body":{"password":{"$ne":null},"username":{"$ne":null}},"method":"POST","requestId":"5fa7add2-761a-4fc7-a4bb-843b6dfde8a2","url":"/login"}}
{"level":"info","message":{"body":{"password":{"$ne":null},"username":{"$ne":null}},"method":"POST","requestId":"531deece-4007-40d4-89be-2705a93b93b9","url":"/login"}}
{"level":"info","message":{"body":{"password":{"$ne":null},"username":{"$ne":null}},"method":"POST","requestId":"bf6c17fa-8082-49a8-947f-25f207a174e0","url":"/login"}}
{"level":"info","message":{"body":{},"method":"POST","requestId":"cc1bd86e-9ad2-45fd-b10a-16e6391d9d35","url":"/login"}}
{"level":"info","message":{"body":{"password":{"$ne":null},"username":{"$ne":null}},"method":"POST","requestId":"4a4a3456-2dee-427d-a572-421413f42f5d","url":"/login"}}
{"level":"info","message":{"body":{},"method":"GET","requestId":"93e55b0c-a90b-43e7-ac8c-53eefc0263f5","url":"/admin/users"}}
{"level":"info","message":{"body":{},"method":"POST","requestId":"7e4b0436-707a-4614-88ef-b9d87b303d05","url":"/products/search"}}
{"level":"info","message":{"body":{},"method":"POST","requestId":"b0e0e63d-4edb-4eba-80d9-5d94bc292639","url":"/products/search"}}
{"level":"info","message":{"body":{"password":"123456","username":"juan"},"method":"POST","requestId":"a6f97e0e-0293-4311-83b6-aede25da97b3","url":"/login"}}
{"level":"info","message":{"body":{},"method":"GET","requestId":"71cdf917-2d24-4bf0-817d-bdc8dd70db0f","url":"/api-docs/"}}
{"level":"info","message":{"body":{},"method":"GET","requestId":"42640b82-75fc-4b12-aa31-c8fdd249c8da","url":"/api-docs/swagger-ui.css"}}
{"level":"info","message":{"body":{},"method":"GET","requestId":"a3ee63d0-05a4-457a-b072-32f2726cd400","url":"/api-docs/swagger-ui-bundle.js"}}
{"level":"info","message":{"body":{},"method":"GET","requestId":"a8d2278b-993c-4533-9229-bb03d303f4a3","url":"/api-docs/swagger-ui-standalone-preset.js"}}
{"level":"info","message":{"body":{},"method":"GET","requestId":"0a5ae8b0-51b0-4637-b809-95438b0544bf","url":"/api-docs/swagger-ui-init.js"}}
{"level":"info","message":{"body":{},"method":"POST","requestId":"ce8e7010-62ad-4bbe-ba05-569f46a7de19","url":"/login"}}
{"level":"info","message":{"body":{"password":{"$ne":null},"username":{"$ne":null}},"method":"POST","requestId":"005c43ba-e0a9-4869-bb7b-2af4fa3559f0","url":"/login"}}
{"level":"info","message":{"body":{"password":"lupita123","username":"Lupita"},"method":"POST","requestId":"f747afde-5734-4222-9f7e-0deb03a26672","url":"/login"}}
{"level":"info","message":{"body":{},"method":"POST","requestId":"3986fc78-22d8-4a3f-8dfc-434e3d98d145","url":"/login"}}
{"level":"info","message":{"body":{"password":"","username":""},"method":"POST","requestId":"23be14e7-3829-4d37-9ed8-147f70dd4f60","url":"/login"}}
{"level":"info","message":{"body":{},"method":"GET","requestId":"2758f779-f782-4be8-ba0e-457675e5ae92","url":"/"}}
{"level":"info","message":{"body":{},"method":"GET","requestId":"d8a5b7b3-faa7-4e10-8344-f4da956e8622","url":"/"}}
{"level":"info","message":{"body":{},"method":"GET","requestId":"941d91a4-cc68-4703-b96a-011b301ff4a6","url":"/api-docs/"}}
{"level":"info","message":{"body":{},"method":"GET","requestId":"44cce67b-b78c-44fe-9ead-fc7453484ff6","url":"/api-docs/swagger-ui.css"}}
{"level":"info","message":{"body":{},"method":"GET","requestId":"26aee231-6668-4fd2-b472-84c7c567da44","url":"/api-docs/swagger-ui-bundle.js"}}
{"level":"info","message":{"body":{},"method":"GET","requestId":"44e30f7e-5a6f-422e-9fbe-3b7d6061f045","url":"/api-docs/swagger-ui-standalone-preset.js"}}
{"level":"info","message":{"body":{},"method":"GET","requestId":"e5734dd9-2130-45d7-af73-be881a70c8be","url":"/api-docs/swagger-ui-init.js"}}
{"level":"info","message":{"body":{},"method":"GET","requestId":"c89cdb3c-d311-4359-aa39-943258a052dc","url":"/api-docs/favicon-32x32.png"}}
{"level":"info","message":{"body":{},"method":"POST","requestId":"bfee5d97-beee-45c1-9780-865faf43eb99","url":"/login"}}
{"level":"info","message":{"body":{},"method":"POST","requestId":"bbd3c452-896e-444e-aec9-9e171356d8ef","url":"/products/search"}}
{"level":"info","message":{"body":{"status":"paid"},"method":"POST","requestId":"82217b2f-8824-4848-9f2a-f2a1bf1405a1","url":"/orders/search"}}
{"level":"info","message":{"body":{},"method":"GET","requestId":"c58593ab-464e-44b6-82ff-14f8942e135e","url":"/api-docs/"}}
{"level":"info","message":{"body":{},"method":"GET","requestId":"873a473e-dd41-40ac-8c56-3db52bc56961","url":"/api-docs/swagger-ui.css"}}
{"level":"info","message":{"body":{},"method":"GET","requestId":"0ec34164-3620-4b8d-8373-94887c57d0f8","url":"/api-docs/swagger-ui-bundle.js"}}
{"level":"info","message":{"body":{},"method":"GET","requestId":"ab33a04d-af32-48c0-8aa9-c2079f6b9689","url":"/api-docs/swagger-ui-standalone-preset.js"}}
{"level":"info","message":{"body":{},"method":"GET","requestId":"f3fae178-a8f2-4d99-b4d9-4a4cdb0a9dfc","url":"/api-docs/swagger-ui-init.js"}}
{"level":"info","message":{"body":{},"method":"GET","requestId":"f529b438-5f29-4bfc-ade5-3cc222550fdc","url":"/api-docs/favicon-32x32.png"}}
{"level":"info","message":{"body":{},"method":"GET","requestId":"cdf7fbd4-c935-4608-a1bf-e3615553fdcc","url":"/"}}
{"level":"info","message":{"body":{},"method":"GET","requestId":"0f2d0af1-24fa-43a5-a18e-0235a6a1405f","url":"/swagger"}}
{"level":"info","message":{"body":{},"method":"GET","requestId":"1a60c145-2123-40e4-9bc0-d23e5d95c02c","url":"/api-docs/"}}
{"level":"info","message":{"body":{},"method":"GET","requestId":"9eee8866-3cff-4ad2-90d6-31b656969897","url":"/api-docs/swagger-ui.css"}}
{"level":"info","message":{"body":{},"method":"GET","requestId":"b7e06bc4-d6e1-45e2-a767-a0938f4b9172","url":"/api-docs/swagger-ui-bundle.js"}}
{"level":"info","message":{"body":{},"method":"GET","requestId":"57d2c722-9209-4927-88e2-e80b869dcc3a","url":"/api-docs/swagger-ui-standalone-preset.js"}}
{"level":"info","message":{"body":{},"method":"GET","requestId":"cca85eb5-49e1-4343-8c3b-2f3dbb0c6fc8","url":"/api-docs/swagger-ui-init.js"}}
